<?xml version="1.0" encoding="UTF-8"?>
<!-- Generated by org.testng.reporters.JUnitReportReporter -->
<testsuite hostname="Virender-Kumar" failures="0" tests="4" name="com.newcrm.qa.Testcases.HomePageTest" time="81.229" errors="0" timestamp="2020-03-25T17:42:12 IST" skipped="0">
  <testcase classname="com.newcrm.qa.Testcases.HomePageTest" name="LoginTitleTest" time="22.789"/>
  <testcase classname="com.newcrm.qa.Testcases.HomePageTest" name="FirstColumnTest" time="19.853"/>
  <testcase classname="com.newcrm.qa.Testcases.HomePageTest" name="SecondColumnTest" time="19.053"/>
  <testcase classname="com.newcrm.qa.Testcases.HomePageTest" name="ThirdColumnTest" time="19.534"/>
</testsuite> <!-- com.newcrm.qa.Testcases.HomePageTest -->
